<?xml version="1.0" encoding="UTF-8"?>
<!-- Generated by org.testng.reporters.JUnitReportReporter -->
<testsuite hostname="DESKTOP-9QPUS56" name="test.com.CarTest" tests="1" failures="0" timestamp="8 Feb 2020 22:10:13 GMT" time="1.000" errors="0">
  <testcase name="testCar" time="1.000" classname="test.com.CarTest"/>
</testsuite> <!-- test.com.CarTest -->
